<?xml version="1.0" encoding="UTF-8"?>
<!-- Generated by org.testng.reporters.JUnitReportReporter -->
<testsuite hostname="LAPTOP-02J3V1KL" failures="0" tests="1" name="com.QALegendBilling.testscript.UserTest" time="10.486" errors="0" timestamp="2023-06-22T22:54:25 IST" skipped="0">
  <testcase classname="com.QALegendBilling.testscript.UserTest" name="TC_007_verifyInvalidUserSearch" time="10.486"/>
  <system-out/>
</testsuite> <!-- com.QALegendBilling.testscript.UserTest -->
