<?xml version="1.0" encoding="UTF-8"?>
<!-- Generated by org.testng.reporters.JUnitReportReporter -->
<testsuite hostname="LAPTOP-02J3V1KL" failures="0" tests="4" name="com.QALegendBilling.testscript.Logintest" time="39.180" errors="0" timestamp="2023-06-27T02:26:02 IST" skipped="0">
  <testcase classname="com.QALegendBilling.testscript.Logintest" name="TC_002_verifyUserLoginWithInvalidCredentials" time="6.911"/>
  <system-out/>
  <testcase classname="com.QALegendBilling.testscript.Logintest" name="TC_002_verifyUserLoginWithInvalidCredentials" time="11.202"/>
  <system-out/>
  <testcase classname="com.QALegendBilling.testscript.Logintest" name="TC_002_verifyUserLoginWithInvalidCredentials" time="10.073"/>
  <system-out/>
  <testcase classname="com.QALegendBilling.testscript.Logintest" name="TC_001_verifyUserLoginWithValidCredentials" time="10.994"/>
  <system-out/>
</testsuite> <!-- com.QALegendBilling.testscript.Logintest -->
