<?xml version="1.0" encoding="UTF-8"?>
<!-- Generated by org.testng.reporters.JUnitReportReporter -->
<testsuite hostname="LAPTOP-02J3V1KL" failures="0" tests="1" name="com.QALegendBilling.testscript.Hometest" time="13.974" errors="0" timestamp="2023-06-22T15:24:22 IST" skipped="0">
  <testcase classname="com.QALegendBilling.testscript.Hometest" name="TC_006_verifyAddUser" time="13.974"/>
  <system-out/>
</testsuite> <!-- com.QALegendBilling.testscript.Hometest -->
