<?xml version="1.0" encoding="UTF-8"?>
<!-- Generated by org.testng.reporters.JUnitReportReporter -->
<testsuite hostname="LAPTOP-02J3V1KL" failures="0" tests="1" name="com.QALegendBilling.testscript.AddRolesTest" time="16.546" errors="0" timestamp="2023-06-25T17:42:34 IST" skipped="0">
  <testcase classname="com.QALegendBilling.testscript.AddRolesTest" name="TC_009_verifyAddRoles" time="16.546"/>
  <system-out/>
</testsuite> <!-- com.QALegendBilling.testscript.AddRolesTest -->
