<?xml version="1.0" encoding="UTF-8"?>
<!-- Generated by org.testng.reporters.JUnitReportReporter -->
<testsuite hostname="LAPTOP-02J3V1KL" failures="0" tests="1" name="com.QALegendBilling.testscript.Logintest" time="16.737" errors="0" timestamp="2023-06-21T07:06:02 IST" skipped="0">
  <testcase classname="com.QALegendBilling.testscript.Logintest" name="TC_001_verifyUserLoginWithValidCredentials" time="16.737"/>
  <system-out/>
</testsuite> <!-- com.QALegendBilling.testscript.Logintest -->
