<?xml version="1.0" encoding="UTF-8"?>
<!-- Generated by org.testng.reporters.JUnitReportReporter -->
<testsuite hostname="LAPTOP-02J3V1KL" failures="0" tests="1" name="com.QALegendBilling.testscript.ResetTest" time="7.241" errors="0" timestamp="2023-06-27T02:26:02 IST" skipped="0">
  <testcase classname="com.QALegendBilling.testscript.ResetTest" name="TC_003_verifyForgotPassword" time="7.241"/>
  <system-out/>
</testsuite> <!-- com.QALegendBilling.testscript.ResetTest -->
