<?xml version="1.0" encoding="UTF-8"?>
<!-- Generated by org.testng.reporters.JUnitReportReporter -->
<testsuite hostname="LAPTOP-02J3V1KL" failures="0" tests="2" name="com.QALegendBilling.testscript.AddRolesTest" time="38.493" errors="0" timestamp="2023-06-27T02:26:02 IST" skipped="0">
  <testcase classname="com.QALegendBilling.testscript.AddRolesTest" name="TC_010_verifyEditRoles" time="19.158"/>
  <system-out/>
  <testcase classname="com.QALegendBilling.testscript.AddRolesTest" name="TC_009_verifyAddRoles" time="19.335"/>
  <system-out/>
</testsuite> <!-- com.QALegendBilling.testscript.AddRolesTest -->
