<?xml version="1.0" encoding="UTF-8"?>
<!-- Generated by org.testng.reporters.JUnitReportReporter -->
<testsuite hostname="LAPTOP-02J3V1KL" failures="0" tests="1" name="com.QALegendBilling.testscript.Hometest" time="10.526" errors="0" timestamp="2023-06-24T06:42:34 IST" skipped="0">
  <testcase classname="com.QALegendBilling.testscript.Hometest" name="TC_005_verifUserManagementDropdown" time="10.526"/>
  <system-out/>
</testsuite> <!-- com.QALegendBilling.testscript.Hometest -->
