<?xml version="1.0" encoding="UTF-8"?>
<!-- Generated by org.testng.reporters.JUnitReportReporter -->
<testsuite hostname="LAPTOP-02J3V1KL" failures="0" tests="1" name="com.QALegendBilling.testscript.ResetTest" time="9.139" errors="0" timestamp="2023-06-21T08:10:32 IST" skipped="0">
  <testcase classname="com.QALegendBilling.testscript.ResetTest" name="TC_003_verifyForgotPassword" time="9.139"/>
  <system-out/>
</testsuite> <!-- com.QALegendBilling.testscript.ResetTest -->
