<?xml version="1.0" encoding="UTF-8"?>
<!-- Generated by org.testng.reporters.JUnitReportReporter -->
<testsuite hostname="LAPTOP-02J3V1KL" failures="0" tests="1" name="com.QALegendBilling.testscript.SignoutTest" time="9.498" errors="0" timestamp="2023-06-24T06:56:08 IST" skipped="0">
  <testcase classname="com.QALegendBilling.testscript.SignoutTest" name="TC_004_verifySignout" time="9.498"/>
  <system-out/>
</testsuite> <!-- com.QALegendBilling.testscript.SignoutTest -->
