<?xml version="1.0" encoding="UTF-8"?>
<!-- Generated by org.testng.reporters.JUnitReportReporter -->
<testsuite hostname="LAPTOP-02J3V1KL" failures="0" tests="2" name="com.QALegendBilling.testscript.UserTest" time="26.708" errors="0" timestamp="2023-06-24T06:56:08 IST" skipped="0">
  <testcase classname="com.QALegendBilling.testscript.UserTest" name="TC_006_verifyAddUser" time="15.622"/>
  <system-out/>
  <testcase classname="com.QALegendBilling.testscript.UserTest" name="TC_007_verifyInvalidUserSearch" time="11.086"/>
  <system-out/>
</testsuite> <!-- com.QALegendBilling.testscript.UserTest -->
